Sun Jun 11 21:01:46 2017 us=527193 WARNING: file 'vagrant-server.key' is group or others accessible
Sun Jun 11 21:01:46 2017 us=527849 Current Parameter Settings:
Sun Jun 11 21:01:46 2017 us=527876   config = 'server.conf'
Sun Jun 11 21:01:46 2017 us=527890   mode = 1
Sun Jun 11 21:01:46 2017 us=527903   persist_config = DISABLED
Sun Jun 11 21:01:46 2017 us=527915   persist_mode = 1
Sun Jun 11 21:01:46 2017 us=527926   show_ciphers = DISABLED
Sun Jun 11 21:01:46 2017 us=527938   show_digests = DISABLED
Sun Jun 11 21:01:46 2017 us=527949   show_engines = DISABLED
Sun Jun 11 21:01:46 2017 us=527961   genkey = DISABLED
Sun Jun 11 21:01:46 2017 us=527973   key_pass_file = '[UNDEF]'
Sun Jun 11 21:01:46 2017 us=527985   show_tls_ciphers = DISABLED
Sun Jun 11 21:01:46 2017 us=527996   connect_retry_max = 0
Sun Jun 11 21:01:46 2017 us=528008 Connection profiles [0]:
Sun Jun 11 21:01:46 2017 us=528021   proto = udp
Sun Jun 11 21:01:46 2017 us=528032   local = '192.168.33.100'
Sun Jun 11 21:01:46 2017 us=528044   local_port = '1194'
Sun Jun 11 21:01:46 2017 us=528056   remote = '[UNDEF]'
Sun Jun 11 21:01:46 2017 us=528067   remote_port = '1194'
Sun Jun 11 21:01:46 2017 us=528078   remote_float = DISABLED
Sun Jun 11 21:01:46 2017 us=528090   bind_defined = DISABLED
Sun Jun 11 21:01:46 2017 us=528101   bind_local = ENABLED
Sun Jun 11 21:01:46 2017 us=528113   bind_ipv6_only = DISABLED
Sun Jun 11 21:01:46 2017 us=528124   connect_retry_seconds = 5
Sun Jun 11 21:01:46 2017 us=528136   connect_timeout = 120
Sun Jun 11 21:01:46 2017 us=528148   socks_proxy_server = '[UNDEF]'
Sun Jun 11 21:01:46 2017 us=528159   socks_proxy_port = '[UNDEF]'
Sun Jun 11 21:01:46 2017 us=528171   tun_mtu = 1500
Sun Jun 11 21:01:46 2017 us=528183   tun_mtu_defined = ENABLED
Sun Jun 11 21:01:46 2017 us=528195   link_mtu = 1500
Sun Jun 11 21:01:46 2017 us=528207   link_mtu_defined = DISABLED
Sun Jun 11 21:01:46 2017 us=528219   tun_mtu_extra = 0
Sun Jun 11 21:01:46 2017 us=528230   tun_mtu_extra_defined = DISABLED
Sun Jun 11 21:01:46 2017 us=528243   mtu_discover_type = -1
Sun Jun 11 21:01:46 2017 us=528254   fragment = 0
Sun Jun 11 21:01:46 2017 us=528266   mssfix = 1450
Sun Jun 11 21:01:46 2017 us=528278   explicit_exit_notification = 1
Sun Jun 11 21:01:46 2017 us=528290 Connection profiles END
Sun Jun 11 21:01:46 2017 us=528302   remote_random = DISABLED
Sun Jun 11 21:01:46 2017 us=528336   ipchange = '[UNDEF]'
Sun Jun 11 21:01:46 2017 us=528353   dev = 'tun'
Sun Jun 11 21:01:46 2017 us=528375   dev_type = '[UNDEF]'
Sun Jun 11 21:01:46 2017 us=528388   dev_node = '[UNDEF]'
Sun Jun 11 21:01:46 2017 us=528399   lladdr = '[UNDEF]'
Sun Jun 11 21:01:46 2017 us=528411   topology = 1
Sun Jun 11 21:01:46 2017 us=528422   ifconfig_local = '10.8.10.1'
Sun Jun 11 21:01:46 2017 us=528434   ifconfig_remote_netmask = '10.8.10.2'
Sun Jun 11 21:01:46 2017 us=528445   ifconfig_noexec = DISABLED
Sun Jun 11 21:01:46 2017 us=528457   ifconfig_nowarn = DISABLED
Sun Jun 11 21:01:46 2017 us=528468   ifconfig_ipv6_local = '[UNDEF]'
Sun Jun 11 21:01:46 2017 us=528480   ifconfig_ipv6_netbits = 0
Sun Jun 11 21:01:46 2017 us=528491   ifconfig_ipv6_remote = '[UNDEF]'
Sun Jun 11 21:01:46 2017 us=528503   shaper = 0
Sun Jun 11 21:01:46 2017 us=528514   mtu_test = 0
Sun Jun 11 21:01:46 2017 us=528525   mlock = DISABLED
Sun Jun 11 21:01:46 2017 us=528537   keepalive_ping = 10
Sun Jun 11 21:01:46 2017 us=528548   keepalive_timeout = 120
Sun Jun 11 21:01:46 2017 us=528560   inactivity_timeout = 0
Sun Jun 11 21:01:46 2017 us=528571   ping_send_timeout = 10
Sun Jun 11 21:01:46 2017 us=528582   ping_rec_timeout = 240
Sun Jun 11 21:01:46 2017 us=528594   ping_rec_timeout_action = 2
Sun Jun 11 21:01:46 2017 us=528605   ping_timer_remote = DISABLED
Sun Jun 11 21:01:46 2017 us=528617   remap_sigusr1 = 0
Sun Jun 11 21:01:46 2017 us=528628   persist_tun = ENABLED
Sun Jun 11 21:01:46 2017 us=528639   persist_local_ip = DISABLED
Sun Jun 11 21:01:46 2017 us=528651   persist_remote_ip = DISABLED
Sun Jun 11 21:01:46 2017 us=528662   persist_key = ENABLED
Sun Jun 11 21:01:46 2017 us=528673   passtos = DISABLED
Sun Jun 11 21:01:46 2017 us=528692   resolve_retry_seconds = 1000000000
Sun Jun 11 21:01:46 2017 us=528704   resolve_in_advance = DISABLED
Sun Jun 11 21:01:46 2017 us=528716   username = 'nobody'
Sun Jun 11 21:01:46 2017 us=528727   groupname = 'nobody'
Sun Jun 11 21:01:46 2017 us=528738   chroot_dir = '[UNDEF]'
Sun Jun 11 21:01:46 2017 us=528750   cd_dir = '[UNDEF]'
Sun Jun 11 21:01:46 2017 us=528761   selinux_context = '[UNDEF]'
Sun Jun 11 21:01:46 2017 us=528773   writepid = '[UNDEF]'
Sun Jun 11 21:01:46 2017 us=528784   up_script = '[UNDEF]'
Sun Jun 11 21:01:46 2017 us=528795   down_script = '[UNDEF]'
Sun Jun 11 21:01:46 2017 us=528807   down_pre = DISABLED
Sun Jun 11 21:01:46 2017 us=528818   up_restart = DISABLED
Sun Jun 11 21:01:46 2017 us=528830   up_delay = DISABLED
Sun Jun 11 21:01:46 2017 us=528841   daemon = DISABLED
Sun Jun 11 21:01:46 2017 us=528853   inetd = 0
Sun Jun 11 21:01:46 2017 us=528864   log = ENABLED
Sun Jun 11 21:01:46 2017 us=528876   suppress_timestamps = DISABLED
Sun Jun 11 21:01:46 2017 us=528890   machine_readable_output = DISABLED
Sun Jun 11 21:01:46 2017 us=528903   nice = 0
Sun Jun 11 21:01:46 2017 us=528915   verbosity = 5
Sun Jun 11 21:01:46 2017 us=528926   mute = 0
Sun Jun 11 21:01:46 2017 us=528937   gremlin = 0
Sun Jun 11 21:01:46 2017 us=528949   status_file = 'openvpn-status.log'
Sun Jun 11 21:01:46 2017 us=528960   status_file_version = 1
Sun Jun 11 21:01:46 2017 us=528972   status_file_update_freq = 60
Sun Jun 11 21:01:46 2017 us=528983   occ = ENABLED
Sun Jun 11 21:01:46 2017 us=528995   rcvbuf = 0
Sun Jun 11 21:01:46 2017 us=529006   sndbuf = 0
Sun Jun 11 21:01:46 2017 us=529018   mark = 0
Sun Jun 11 21:01:46 2017 us=529029   sockflags = 0
Sun Jun 11 21:01:46 2017 us=529040   fast_io = DISABLED
Sun Jun 11 21:01:46 2017 us=529052   comp.alg = 0
Sun Jun 11 21:01:46 2017 us=529064   comp.flags = 0
Sun Jun 11 21:01:46 2017 us=529076   route_script = '[UNDEF]'
Sun Jun 11 21:01:46 2017 us=529087   route_default_gateway = '[UNDEF]'
Sun Jun 11 21:01:46 2017 us=529099   route_default_metric = 0
Sun Jun 11 21:01:46 2017 us=529111   route_noexec = DISABLED
Sun Jun 11 21:01:46 2017 us=529123   route_delay = 0
Sun Jun 11 21:01:46 2017 us=529134   route_delay_window = 30
Sun Jun 11 21:01:46 2017 us=529146   route_delay_defined = DISABLED
Sun Jun 11 21:01:46 2017 us=529157   route_nopull = DISABLED
Sun Jun 11 21:01:46 2017 us=529169   route_gateway_via_dhcp = DISABLED
Sun Jun 11 21:01:46 2017 us=529180   allow_pull_fqdn = DISABLED
Sun Jun 11 21:01:46 2017 us=529195   route 10.8.10.0/255.255.255.0/default (not set)/default (not set)
Sun Jun 11 21:01:46 2017 us=529208   management_addr = '[UNDEF]'
Sun Jun 11 21:01:46 2017 us=529219   management_port = '[UNDEF]'
Sun Jun 11 21:01:46 2017 us=529231   management_user_pass = '[UNDEF]'
Sun Jun 11 21:01:46 2017 us=529242   management_log_history_cache = 250
Sun Jun 11 21:01:46 2017 us=529254   management_echo_buffer_size = 100
Sun Jun 11 21:01:46 2017 us=529266   management_write_peer_info_file = '[UNDEF]'
Sun Jun 11 21:01:46 2017 us=529277   management_client_user = '[UNDEF]'
Sun Jun 11 21:01:46 2017 us=529289   management_client_group = '[UNDEF]'
Sun Jun 11 21:01:46 2017 us=529300   management_flags = 0
Sun Jun 11 21:01:46 2017 us=529312   shared_secret_file = '[UNDEF]'
Sun Jun 11 21:01:46 2017 us=529357   key_direction = 1
Sun Jun 11 21:01:46 2017 us=529393   ciphername = 'AES-256-CBC'
Sun Jun 11 21:01:46 2017 us=529404   ncp_enabled = ENABLED
Sun Jun 11 21:01:46 2017 us=529416   ncp_ciphers = 'AES-256-GCM:AES-128-GCM'
Sun Jun 11 21:01:46 2017 us=529426   authname = 'SHA1'
Sun Jun 11 21:01:46 2017 us=529437   prng_hash = 'SHA1'
Sun Jun 11 21:01:46 2017 us=529448   prng_nonce_secret_len = 16
Sun Jun 11 21:01:46 2017 us=529459   keysize = 0
Sun Jun 11 21:01:46 2017 us=529470   engine = DISABLED
Sun Jun 11 21:01:46 2017 us=529481   replay = ENABLED
Sun Jun 11 21:01:46 2017 us=529492   mute_replay_warnings = DISABLED
Sun Jun 11 21:01:46 2017 us=529502   replay_window = 64
Sun Jun 11 21:01:46 2017 us=529513   replay_time = 15
Sun Jun 11 21:01:46 2017 us=529524   packet_id_file = '[UNDEF]'
Sun Jun 11 21:01:46 2017 us=529541   use_iv = ENABLED
Sun Jun 11 21:01:46 2017 us=529553   test_crypto = DISABLED
Sun Jun 11 21:01:46 2017 us=529564   tls_server = ENABLED
Sun Jun 11 21:01:46 2017 us=529575   tls_client = DISABLED
Sun Jun 11 21:01:46 2017 us=529586   key_method = 2
Sun Jun 11 21:01:46 2017 us=529597   ca_file = 'ca.crt'
Sun Jun 11 21:01:46 2017 us=529608   ca_path = '[UNDEF]'
Sun Jun 11 21:01:46 2017 us=529619   dh_file = 'dh2048.pem'
Sun Jun 11 21:01:46 2017 us=529630   cert_file = 'vagrant-server.crt'
Sun Jun 11 21:01:46 2017 us=529641   extra_certs_file = '[UNDEF]'
Sun Jun 11 21:01:46 2017 us=529651   priv_key_file = 'vagrant-server.key'
Sun Jun 11 21:01:46 2017 us=529662   pkcs12_file = '[UNDEF]'
Sun Jun 11 21:01:46 2017 us=529673   cipher_list = '[UNDEF]'
Sun Jun 11 21:01:46 2017 us=529683   tls_verify = '[UNDEF]'
Sun Jun 11 21:01:46 2017 us=529694   tls_export_cert = '[UNDEF]'
Sun Jun 11 21:01:46 2017 us=529705   verify_x509_type = 0
Sun Jun 11 21:01:46 2017 us=529716   verify_x509_name = '[UNDEF]'
Sun Jun 11 21:01:46 2017 us=529727   crl_file = '[UNDEF]'
Sun Jun 11 21:01:46 2017 us=529737   ns_cert_type = 0
Sun Jun 11 21:01:46 2017 us=529748   remote_cert_ku[i] = 0
Sun Jun 11 21:01:46 2017 us=529759   remote_cert_ku[i] = 0
Sun Jun 11 21:01:46 2017 us=529769   remote_cert_ku[i] = 0
Sun Jun 11 21:01:46 2017 us=529780   remote_cert_ku[i] = 0
Sun Jun 11 21:01:46 2017 us=529790   remote_cert_ku[i] = 0
Sun Jun 11 21:01:46 2017 us=529801   remote_cert_ku[i] = 0
Sun Jun 11 21:01:46 2017 us=529812   remote_cert_ku[i] = 0
Sun Jun 11 21:01:46 2017 us=529822   remote_cert_ku[i] = 0
Sun Jun 11 21:01:46 2017 us=529833   remote_cert_ku[i] = 0
Sun Jun 11 21:01:46 2017 us=529844   remote_cert_ku[i] = 0
Sun Jun 11 21:01:46 2017 us=529855   remote_cert_ku[i] = 0
Sun Jun 11 21:01:46 2017 us=529865   remote_cert_ku[i] = 0
Sun Jun 11 21:01:46 2017 us=529876   remote_cert_ku[i] = 0
Sun Jun 11 21:01:46 2017 us=529886   remote_cert_ku[i] = 0
Sun Jun 11 21:01:46 2017 us=529897   remote_cert_ku[i] = 0
Sun Jun 11 21:01:46 2017 us=529908   remote_cert_ku[i] = 0
Sun Jun 11 21:01:46 2017 us=529918   remote_cert_eku = '[UNDEF]'
Sun Jun 11 21:01:46 2017 us=529929   ssl_flags = 0
Sun Jun 11 21:01:46 2017 us=529940   tls_timeout = 2
Sun Jun 11 21:01:46 2017 us=529951   renegotiate_bytes = -1
Sun Jun 11 21:01:46 2017 us=529962   renegotiate_packets = 0
Sun Jun 11 21:01:46 2017 us=529973   renegotiate_seconds = 3600
Sun Jun 11 21:01:46 2017 us=529984   handshake_window = 60
Sun Jun 11 21:01:46 2017 us=529995   transition_window = 3600
Sun Jun 11 21:01:46 2017 us=530006   single_session = DISABLED
Sun Jun 11 21:01:46 2017 us=530017   push_peer_info = DISABLED
Sun Jun 11 21:01:46 2017 us=530027   tls_exit = DISABLED
Sun Jun 11 21:01:46 2017 us=530038   tls_auth_file = 'tls-auth.key'
Sun Jun 11 21:01:46 2017 us=530049   tls_crypt_file = '[UNDEF]'
Sun Jun 11 21:01:46 2017 us=530060   pkcs11_protected_authentication = DISABLED
Sun Jun 11 21:01:46 2017 us=530071   pkcs11_protected_authentication = DISABLED
Sun Jun 11 21:01:46 2017 us=530082   pkcs11_protected_authentication = DISABLED
Sun Jun 11 21:01:46 2017 us=530093   pkcs11_protected_authentication = DISABLED
Sun Jun 11 21:01:46 2017 us=530104   pkcs11_protected_authentication = DISABLED
Sun Jun 11 21:01:46 2017 us=530114   pkcs11_protected_authentication = DISABLED
Sun Jun 11 21:01:46 2017 us=530125   pkcs11_protected_authentication = DISABLED
Sun Jun 11 21:01:46 2017 us=530136   pkcs11_protected_authentication = DISABLED
Sun Jun 11 21:01:46 2017 us=530146   pkcs11_protected_authentication = DISABLED
Sun Jun 11 21:01:46 2017 us=530157   pkcs11_protected_authentication = DISABLED
Sun Jun 11 21:01:46 2017 us=530168   pkcs11_protected_authentication = DISABLED
Sun Jun 11 21:01:46 2017 us=530178   pkcs11_protected_authentication = DISABLED
Sun Jun 11 21:01:46 2017 us=530189   pkcs11_protected_authentication = DISABLED
Sun Jun 11 21:01:46 2017 us=530200   pkcs11_protected_authentication = DISABLED
Sun Jun 11 21:01:46 2017 us=530210   pkcs11_protected_authentication = DISABLED
Sun Jun 11 21:01:46 2017 us=530225   pkcs11_protected_authentication = DISABLED
Sun Jun 11 21:01:46 2017 us=530238   pkcs11_private_mode = 00000000
Sun Jun 11 21:01:46 2017 us=530249   pkcs11_private_mode = 00000000
Sun Jun 11 21:01:46 2017 us=530260   pkcs11_private_mode = 00000000
Sun Jun 11 21:01:46 2017 us=530270   pkcs11_private_mode = 00000000
Sun Jun 11 21:01:46 2017 us=530281   pkcs11_private_mode = 00000000
Sun Jun 11 21:01:46 2017 us=530292   pkcs11_private_mode = 00000000
Sun Jun 11 21:01:46 2017 us=530303   pkcs11_private_mode = 00000000
Sun Jun 11 21:01:46 2017 us=530331   pkcs11_private_mode = 00000000
Sun Jun 11 21:01:46 2017 us=530346   pkcs11_private_mode = 00000000
Sun Jun 11 21:01:46 2017 us=530357   pkcs11_private_mode = 00000000
Sun Jun 11 21:01:46 2017 us=530376   pkcs11_private_mode = 00000000
Sun Jun 11 21:01:46 2017 us=530387   pkcs11_private_mode = 00000000
Sun Jun 11 21:01:46 2017 us=530398   pkcs11_private_mode = 00000000
Sun Jun 11 21:01:46 2017 us=530409   pkcs11_private_mode = 00000000
Sun Jun 11 21:01:46 2017 us=530420   pkcs11_private_mode = 00000000
Sun Jun 11 21:01:46 2017 us=530430   pkcs11_private_mode = 00000000
Sun Jun 11 21:01:46 2017 us=530441   pkcs11_cert_private = DISABLED
Sun Jun 11 21:01:46 2017 us=530452   pkcs11_cert_private = DISABLED
Sun Jun 11 21:01:46 2017 us=530463   pkcs11_cert_private = DISABLED
Sun Jun 11 21:01:46 2017 us=530473   pkcs11_cert_private = DISABLED
Sun Jun 11 21:01:46 2017 us=530484   pkcs11_cert_private = DISABLED
Sun Jun 11 21:01:46 2017 us=530494   pkcs11_cert_private = DISABLED
Sun Jun 11 21:01:46 2017 us=530505   pkcs11_cert_private = DISABLED
Sun Jun 11 21:01:46 2017 us=530515   pkcs11_cert_private = DISABLED
Sun Jun 11 21:01:46 2017 us=530526   pkcs11_cert_private = DISABLED
Sun Jun 11 21:01:46 2017 us=530537   pkcs11_cert_private = DISABLED
Sun Jun 11 21:01:46 2017 us=530547   pkcs11_cert_private = DISABLED
Sun Jun 11 21:01:46 2017 us=530558   pkcs11_cert_private = DISABLED
Sun Jun 11 21:01:46 2017 us=530569   pkcs11_cert_private = DISABLED
Sun Jun 11 21:01:46 2017 us=530579   pkcs11_cert_private = DISABLED
Sun Jun 11 21:01:46 2017 us=530590   pkcs11_cert_private = DISABLED
Sun Jun 11 21:01:46 2017 us=530600   pkcs11_cert_private = DISABLED
Sun Jun 11 21:01:46 2017 us=530611   pkcs11_pin_cache_period = -1
Sun Jun 11 21:01:46 2017 us=530622   pkcs11_id = '[UNDEF]'
Sun Jun 11 21:01:46 2017 us=530633   pkcs11_id_management = DISABLED
Sun Jun 11 21:01:46 2017 us=530645   server_network = 10.8.10.0
Sun Jun 11 21:01:46 2017 us=530657   server_netmask = 255.255.255.0
Sun Jun 11 21:01:46 2017 us=530675   server_network_ipv6 = ::
Sun Jun 11 21:01:46 2017 us=530686   server_netbits_ipv6 = 0
Sun Jun 11 21:01:46 2017 us=530699   server_bridge_ip = 0.0.0.0
Sun Jun 11 21:01:46 2017 us=530710   server_bridge_netmask = 0.0.0.0
Sun Jun 11 21:01:46 2017 us=530722   server_bridge_pool_start = 0.0.0.0
Sun Jun 11 21:01:46 2017 us=530733   server_bridge_pool_end = 0.0.0.0
Sun Jun 11 21:01:46 2017 us=530744   push_entry = 'redirect-gateway def1 bypass-dhcp'
Sun Jun 11 21:01:46 2017 us=530756   push_entry = 'dhcp-option DNS 208.67.222.222'
Sun Jun 11 21:01:46 2017 us=530767   push_entry = 'dhcp-option DNS 208.67.220.220'
Sun Jun 11 21:01:46 2017 us=530778   push_entry = 'route 10.8.10.0 255.255.255.0'
Sun Jun 11 21:01:46 2017 us=530789   push_entry = 'topology net30'
Sun Jun 11 21:01:46 2017 us=530800   push_entry = 'ping 10'
Sun Jun 11 21:01:46 2017 us=530810   push_entry = 'ping-restart 120'
Sun Jun 11 21:01:46 2017 us=530821   ifconfig_pool_defined = ENABLED
Sun Jun 11 21:01:46 2017 us=530836   ifconfig_pool_start = 10.8.10.4
Sun Jun 11 21:01:46 2017 us=530850   ifconfig_pool_end = 10.8.10.251
Sun Jun 11 21:01:46 2017 us=530862   ifconfig_pool_netmask = 0.0.0.0
Sun Jun 11 21:01:46 2017 us=530873   ifconfig_pool_persist_filename = 'ipp.txt'
Sun Jun 11 21:01:46 2017 us=530884   ifconfig_pool_persist_refresh_freq = 600
Sun Jun 11 21:01:46 2017 us=530895   ifconfig_ipv6_pool_defined = DISABLED
Sun Jun 11 21:01:46 2017 us=530907   ifconfig_ipv6_pool_base = ::
Sun Jun 11 21:01:46 2017 us=530923   ifconfig_ipv6_pool_netbits = 0
Sun Jun 11 21:01:46 2017 us=530934   n_bcast_buf = 256
Sun Jun 11 21:01:46 2017 us=530945   tcp_queue_limit = 64
Sun Jun 11 21:01:46 2017 us=530956   real_hash_size = 256
Sun Jun 11 21:01:46 2017 us=530967   virtual_hash_size = 256
Sun Jun 11 21:01:46 2017 us=530978   client_connect_script = '[UNDEF]'
Sun Jun 11 21:01:46 2017 us=530989   learn_address_script = '[UNDEF]'
Sun Jun 11 21:01:46 2017 us=531000   client_disconnect_script = '[UNDEF]'
Sun Jun 11 21:01:46 2017 us=531011   client_config_dir = '[UNDEF]'
Sun Jun 11 21:01:46 2017 us=531022   ccd_exclusive = DISABLED
Sun Jun 11 21:01:46 2017 us=531033   tmp_dir = '/tmp'
Sun Jun 11 21:01:46 2017 us=531043   push_ifconfig_defined = DISABLED
Sun Jun 11 21:01:46 2017 us=531055   push_ifconfig_local = 0.0.0.0
Sun Jun 11 21:01:46 2017 us=531067   push_ifconfig_remote_netmask = 0.0.0.0
Sun Jun 11 21:01:46 2017 us=531078   push_ifconfig_ipv6_defined = DISABLED
Sun Jun 11 21:01:46 2017 us=531092   push_ifconfig_ipv6_local = ::/0
Sun Jun 11 21:01:46 2017 us=531105   push_ifconfig_ipv6_remote = ::
Sun Jun 11 21:01:46 2017 us=531116   enable_c2c = ENABLED
Sun Jun 11 21:01:46 2017 us=531127   duplicate_cn = DISABLED
Sun Jun 11 21:01:46 2017 us=531138   cf_max = 0
Sun Jun 11 21:01:46 2017 us=531149   cf_per = 0
Sun Jun 11 21:01:46 2017 us=531159   max_clients = 10
Sun Jun 11 21:01:46 2017 us=531170   max_routes_per_client = 256
Sun Jun 11 21:01:46 2017 us=531181   auth_user_pass_verify_script = '[UNDEF]'
Sun Jun 11 21:01:46 2017 us=531193   auth_user_pass_verify_script_via_file = DISABLED
Sun Jun 11 21:01:46 2017 us=531203   auth_token_generate = DISABLED
Sun Jun 11 21:01:46 2017 us=531215   auth_token_lifetime = 0
Sun Jun 11 21:01:46 2017 us=531226   port_share_host = '[UNDEF]'
Sun Jun 11 21:01:46 2017 us=531237   port_share_port = '[UNDEF]'
Sun Jun 11 21:01:46 2017 us=531247   client = DISABLED
Sun Jun 11 21:01:46 2017 us=531258   pull = DISABLED
Sun Jun 11 21:01:46 2017 us=531269   auth_user_pass_file = '[UNDEF]'
Sun Jun 11 21:01:46 2017 us=531282 OpenVPN 2.4.2 x86_64-redhat-linux-gnu [Fedora EPEL patched] [SSL (OpenSSL)] [LZO] [LZ4] [EPOLL] [PKCS11] [MH/PKTINFO] [AEAD] built on May 11 2017
Sun Jun 11 21:01:46 2017 us=531300 library versions: OpenSSL 1.0.1e-fips 11 Feb 2013, LZO 2.06
Sun Jun 11 21:01:46 2017 us=541912 Diffie-Hellman initialized with 2048 bit key
Sun Jun 11 21:01:46 2017 us=542490 Failed to extract curve from certificate (UNDEF), using secp384r1 instead.
Sun Jun 11 21:01:46 2017 us=542519 ECDH curve secp384r1 added
Sun Jun 11 21:01:46 2017 us=542711 Outgoing Control Channel Authentication: Using 160 bit message hash 'SHA1' for HMAC authentication
Sun Jun 11 21:01:46 2017 us=542730 Incoming Control Channel Authentication: Using 160 bit message hash 'SHA1' for HMAC authentication
Sun Jun 11 21:01:46 2017 us=542750 TLS-Auth MTU parms [ L:1621 D:1184 EF:66 EB:0 ET:0 EL:3 ]
Sun Jun 11 21:01:46 2017 us=542887 ROUTE_GATEWAY 192.168.33.1/255.255.255.0 IFACE=eth1 HWADDR=52:54:00:8f:8b:c9
Sun Jun 11 21:01:46 2017 us=590961 TUN/TAP device tun0 opened
Sun Jun 11 21:01:46 2017 us=591035 TUN/TAP TX queue length set to 100
Sun Jun 11 21:01:46 2017 us=591060 do_ifconfig, tt->did_ifconfig_ipv6_setup=0
Sun Jun 11 21:01:46 2017 us=591082 /sbin/ip link set dev tun0 up mtu 1500
Sun Jun 11 21:01:46 2017 us=596402 /sbin/ip addr add dev tun0 local 10.8.10.1 peer 10.8.10.2
Sun Jun 11 21:01:46 2017 us=598393 /sbin/ip route add 10.8.10.0/24 via 10.8.10.2
Sun Jun 11 21:01:46 2017 us=604867 Data Channel MTU parms [ L:1621 D:1450 EF:121 EB:406 ET:0 EL:3 ]
Sun Jun 11 21:01:46 2017 us=606045 Could not determine IPv4/IPv6 protocol. Using AF_INET
Sun Jun 11 21:01:46 2017 us=606091 Socket Buffers: R=[212992->212992] S=[212992->212992]
Sun Jun 11 21:01:46 2017 us=606264 UDPv4 link local (bound): [AF_INET]192.168.33.100:1194
Sun Jun 11 21:01:46 2017 us=606278 UDPv4 link remote: [AF_UNSPEC]
Sun Jun 11 21:01:46 2017 us=606293 GID set to nobody
Sun Jun 11 21:01:46 2017 us=606306 UID set to nobody
Sun Jun 11 21:01:46 2017 us=606342 MULTI: multi_init called, r=256 v=256
Sun Jun 11 21:01:46 2017 us=606391 IFCONFIG POOL: base=10.8.10.4 size=62, ipv6=0
Sun Jun 11 21:01:46 2017 us=606413 IFCONFIG POOL LIST
Sun Jun 11 21:01:46 2017 us=606450 Initialization Sequence Completed
Sun Jun 11 21:02:32 2017 us=637989 event_wait : Interrupted system call (code=4)
Sun Jun 11 21:02:34 2017 us=640632 TCP/UDP: Closing socket
Sun Jun 11 21:02:34 2017 us=640727 /sbin/ip route del 10.8.10.0/24
RTNETLINK answers: Operation not permitted
Sun Jun 11 21:02:34 2017 us=642344 ERROR: Linux route delete command failed: external program exited with error status: 2
Sun Jun 11 21:02:34 2017 us=642387 Closing TUN/TAP interface
Sun Jun 11 21:02:34 2017 us=642412 /sbin/ip addr del dev tun0 local 10.8.10.1 peer 10.8.10.2
RTNETLINK answers: Operation not permitted
Sun Jun 11 21:02:34 2017 us=644053 Linux ip addr del failed: external program exited with error status: 2
Sun Jun 11 21:02:34 2017 us=651434 SIGINT[hard,] received, process exiting
